<?xml version="1.0" encoding="UTF-8"?>
<!-- Generated by org.testng.reporters.JUnitReportReporter -->
<testsuite name="login_logout.candidate_login_logout" tests="1" time="41.507" ignored="0" failures="0" timestamp="20 Jun 2017 10:59:10 GMT" skipped="0" hostname="Priyal-PC" errors="0">
  <testcase name="testCandidateLoginLogoutTestng" time="41.507" classname="login_logout.candidate_login_logout"/>
</testsuite> <!-- login_logout.candidate_login_logout -->
