<?xml version="1.0" encoding="UTF-8"?>
<!-- Generated by org.testng.reporters.JUnitReportReporter -->
<testsuite name="login_logout.NewTest_from_guru99" tests="1" time="8.901" ignored="0" failures="0" timestamp="20 Jun 2017 10:59:10 GMT" skipped="0" hostname="Priyal-PC" errors="0">
  <testcase name="testEasy" time="8.901" classname="login_logout.NewTest_from_guru99"/>
</testsuite> <!-- login_logout.NewTest_from_guru99 -->
