<?xml version="1.0" encoding="UTF-8"?>
<!-- Generated by org.testng.reporters.JUnitReportReporter -->
<testsuite skipped="0" hostname="Priyal-PC" name="interviewair_TestNG.candidate_login_with_testng" tests="1" failures="0" timestamp="19 Jun 2017 06:53:30 GMT" time="47.222" errors="0">
  <testcase name="testCandidateLoginLogoutTestng" time="47.222" classname="interviewair_TestNG.candidate_login_with_testng"/>
</testsuite> <!-- interviewair_TestNG.candidate_login_with_testng -->
